<?xml version="1.0" encoding="UTF-8"?>
<!-- Generated by org.testng.reporters.JUnitReportReporter -->
<testsuite hostname="Shailaja" failures="0" tests="3" name="com.testngpackage.NewTest" time="0.005" errors="0" timestamp="2025-03-12T13:26:06 IST" skipped="0">
  <testcase classname="com.testngpackage.NewTest" name="test1" time="0.002"/>
  <testcase classname="com.testngpackage.NewTest" name="f" time="0.001"/>
  <testcase classname="com.testngpackage.NewTest" name="test2" time="0.002"/>
</testsuite> <!-- com.testngpackage.NewTest -->
