<?xml version="1.0" encoding="UTF-8"?>
<!-- Generated by org.testng.reporters.JUnitReportReporter -->
<testsuite hostname="Shailaja" failures="0" tests="5" name="com.testngpackage.Testng_Test_Class" time="0.009" errors="0" timestamp="2025-03-12T13:26:06 IST" skipped="2">
  <testcase classname="com.testngpackage.Testng_Test_Class" name="ax" time="0.005"/>
  <testcase classname="com.testngpackage.Testng_Test_Class" name="az" time="0.002"/>
  <testcase classname="com.testngpackage.Testng_Test_Class" name="aa" time="0.002"/>
  <testcase classname="com.testngpackage.Testng_Test_Class" name="af">
    <skipped/>
  </testcase> <!-- af -->
  <testcase classname="com.testngpackage.Testng_Test_Class" name="ag">
    <skipped/>
  </testcase> <!-- ag -->
</testsuite> <!-- com.testngpackage.Testng_Test_Class -->
