<?xml version="1.0" encoding="UTF-8"?>
<!-- Generated by org.testng.reporters.JUnitReportReporter -->
<testsuite hostname="Shailaja" failures="0" tests="1" name="com.testngpackage.FB_Testng_Class" time="1.297" errors="0" timestamp="2025-03-12T13:26:06 IST" skipped="0">
  <testcase classname="com.testngpackage.FB_Testng_Class" name="FB_Creation_TextBox" time="1.297"/>
</testsuite> <!-- com.testngpackage.FB_Testng_Class -->
