<?xml version="1.0" encoding="UTF-8"?>
<!-- Generated by org.testng.reporters.JUnitReportReporter -->
<testsuite hostname="Shailaja" failures="0" tests="4" name="com.testngpackage.FB_Test_Tesng_Class" time="4.149" errors="0" timestamp="2025-03-12T13:26:06 IST" skipped="0">
  <testcase classname="com.testngpackage.FB_Test_Tesng_Class" name="FB_Application_Open" time="2.361"/>
  <testcase classname="com.testngpackage.FB_Test_Tesng_Class" name="FB_Creation_textbox" time="1.353"/>
  <testcase classname="com.testngpackage.FB_Test_Tesng_Class" name="FB_DropDowns" time="0.279"/>
  <testcase classname="com.testngpackage.FB_Test_Tesng_Class" name="FB_CaptureScreen" time="0.156"/>
</testsuite> <!-- com.testngpackage.FB_Test_Tesng_Class -->
